Build started 09/07/2017 17:00:56.
     1>Project "D:\Users\user-pc\Documents\Magshimim\second_year\programming\l21-project\Server\Server\Server.vcxproj" on node 2 (Build target(s)).
     1>ClCompile:
         C:\Program Files (x86)\Microsoft Visual Studio 12.0\VC\bin\CL.exe /c /ZI /nologo /W3 /WX- /sdl /Od /Oy- /D _MBCS /Gm /EHsc /RTC1 /MDd /GS /fp:precise /Zc:wchar_t /Zc:forScope /Fo"Debug\\" /Fd"Debug\vc120.pdb" /Gd /TP /analyze- /errorReport:prompt DataBase.cpp
         DataBase.cpp
     1>d:\users\user-pc\documents\magshimim\second_year\programming\l21-project\server\server\database.cpp(120): warning C4018: '>=' : signed/unsigned mismatch
     1>d:\users\user-pc\documents\magshimim\second_year\programming\l21-project\server\server\database.cpp(133): warning C4018: '<' : signed/unsigned mismatch
     1>d:\users\user-pc\documents\magshimim\second_year\programming\l21-project\server\server\database.cpp(349): warning C4101: 'temp' : unreferenced local variable
       Link:
         C:\Program Files (x86)\Microsoft Visual Studio 12.0\VC\bin\link.exe /ERRORREPORT:PROMPT /OUT:"D:\Users\user-pc\Documents\Magshimim\second_year\programming\l21-project\Server\Debug\Server.exe" /INCREMENTAL /NOLOGO kernel32.lib user32.lib gdi32.lib winspool.lib comdlg32.lib advapi32.lib shell32.lib ole32.lib oleaut32.lib uuid.lib odbc32.lib odbccp32.lib /MANIFEST /MANIFESTUAC:"level='asInvoker' uiAccess='false'" /manifest:embed /DEBUG /PDB:"D:\Users\user-pc\Documents\Magshimim\second_year\programming\l21-project\Server\Debug\Server.pdb" /TLBID:1 /DYNAMICBASE /NXCOMPAT /IMPLIB:"D:\Users\user-pc\Documents\Magshimim\second_year\programming\l21-project\Server\Debug\Server.lib" /MACHINE:X86 Debug\DataBase.obj
         Debug\Game.obj
         Debug\Helper.obj
         Debug\Question.obj
         Debug\RecievedMessage.obj
         Debug\Room.obj
         Debug\Source.obj
         Debug\sqlite3.obj
         Debug\TriviaServer.obj
         Debug\User.obj
         Debug\Validator.obj
         Server.vcxproj -> D:\Users\user-pc\Documents\Magshimim\second_year\programming\l21-project\Server\Debug\Server.exe
     1>Done Building Project "D:\Users\user-pc\Documents\Magshimim\second_year\programming\l21-project\Server\Server\Server.vcxproj" (Build target(s)).

Build succeeded.

Time Elapsed 00:00:02.01
